Performing C SOURCE FILE Test CMAKE_HAVE_LIBC_PTHREAD failed with the following output:
Change Dir: /home/hzr/arm_xingzai/arm/build/catkin_tools_prebuild/CMakeFiles/CMakeTmp

Run Build Command(s):/usr/bin/make cmTC_e6e00/fast && /usr/bin/make -f CMakeFiles/cmTC_e6e00.dir/build.make CMakeFiles/cmTC_e6e00.dir/build
make[1]: 进入目录“/home/hzr/arm_xingzai/arm/build/catkin_tools_prebuild/CMakeFiles/CMakeTmp”
Building C object CMakeFiles/cmTC_e6e00.dir/src.c.o
/usr/bin/arm-linux-gnueabihf-gcc   -DCMAKE_HAVE_LIBC_PTHREAD   -o CMakeFiles/cmTC_e6e00.dir/src.c.o   -c /home/hzr/arm_xingzai/arm/build/catkin_tools_prebuild/CMakeFiles/CMakeTmp/src.c
Linking C executable cmTC_e6e00
/usr/bin/cmake -E cmake_link_script CMakeFiles/cmTC_e6e00.dir/link.txt --verbose=1
/usr/bin/arm-linux-gnueabihf-gcc  -DCMAKE_HAVE_LIBC_PTHREAD    -rdynamic CMakeFiles/cmTC_e6e00.dir/src.c.o  -o cmTC_e6e00 
/usr/lib/gcc-cross/arm-linux-gnueabihf/9/../../../../arm-linux-gnueabihf/bin/ld: CMakeFiles/cmTC_e6e00.dir/src.c.o: in function `main':
src.c:(.text+0x36): undefined reference to `pthread_create'
/usr/lib/gcc-cross/arm-linux-gnueabihf/9/../../../../arm-linux-gnueabihf/bin/ld: src.c:(.text+0x3e): undefined reference to `pthread_detach'
/usr/lib/gcc-cross/arm-linux-gnueabihf/9/../../../../arm-linux-gnueabihf/bin/ld: src.c:(.text+0x48): undefined reference to `pthread_join'
collect2: error: ld returned 1 exit status
make[1]: *** [CMakeFiles/cmTC_e6e00.dir/build.make:87：cmTC_e6e00] 错误 1
make[1]: 离开目录“/home/hzr/arm_xingzai/arm/build/catkin_tools_prebuild/CMakeFiles/CMakeTmp”
make: *** [Makefile:121：cmTC_e6e00/fast] 错误 2


Source file was:
#include <pthread.h>

void* test_func(void* data)
{
  return data;
}

int main(void)
{
  pthread_t thread;
  pthread_create(&thread, NULL, test_func, NULL);
  pthread_detach(thread);
  pthread_join(thread, NULL);
  pthread_atfork(NULL, NULL, NULL);
  pthread_exit(NULL);

  return 0;
}

Determining if the function pthread_create exists in the pthreads failed with the following output:
Change Dir: /home/hzr/arm_xingzai/arm/build/catkin_tools_prebuild/CMakeFiles/CMakeTmp

Run Build Command(s):/usr/bin/make cmTC_7c397/fast && /usr/bin/make -f CMakeFiles/cmTC_7c397.dir/build.make CMakeFiles/cmTC_7c397.dir/build
make[1]: 进入目录“/home/hzr/arm_xingzai/arm/build/catkin_tools_prebuild/CMakeFiles/CMakeTmp”
Building C object CMakeFiles/cmTC_7c397.dir/CheckFunctionExists.c.o
/usr/bin/arm-linux-gnueabihf-gcc   -DCHECK_FUNCTION_EXISTS=pthread_create   -o CMakeFiles/cmTC_7c397.dir/CheckFunctionExists.c.o   -c /usr/share/cmake-3.16/Modules/CheckFunctionExists.c
Linking C executable cmTC_7c397
/usr/bin/cmake -E cmake_link_script CMakeFiles/cmTC_7c397.dir/link.txt --verbose=1
/usr/bin/arm-linux-gnueabihf-gcc  -DCHECK_FUNCTION_EXISTS=pthread_create    -rdynamic CMakeFiles/cmTC_7c397.dir/CheckFunctionExists.c.o  -o cmTC_7c397  -lpthreads 
/usr/lib/gcc-cross/arm-linux-gnueabihf/9/../../../../arm-linux-gnueabihf/bin/ld: 找不到 -lpthreads
collect2: error: ld returned 1 exit status
make[1]: *** [CMakeFiles/cmTC_7c397.dir/build.make:87：cmTC_7c397] 错误 1
make[1]: 离开目录“/home/hzr/arm_xingzai/arm/build/catkin_tools_prebuild/CMakeFiles/CMakeTmp”
make: *** [Makefile:121：cmTC_7c397/fast] 错误 2



